# JRE version: OpenJDK Runtime Environment Temurin-21.0.10+7 (21.0.10+7) (build 21.0.10+7-LTS)
# Java VM: OpenJDK 64-Bit Server VM Temurin-21.0.10+7 (21.0.10+7-LTS, mixed mode, sharing, tiered, compressed oops, compressed class ptrs, g1 gc, windows-amd64)
GC Precious Log:
 CardTable entry size: 512
 Card Set container configuration: InlinePtr #cards 5 size 8 Array Of Cards #cards 12 size 40 Howl #buckets 4 coarsen threshold 1843 Howl Bitmap #cards 512 size 80 coarsen threshold 460 Card regions per heap region 1 cards per card region 2048
 CPUs: 16 total, 16 available
 Memory: 15613M
 Large Page Support: Disabled
 NUMA Support: Disabled
 Compressed Oops: Enabled (32-bit)
 Heap Region Size: 1M
 Heap Min Capacity: 8M
 Heap Initial Capacity: 244M
 Heap Max Capacity: 2G
 Pre-touch: Disabled
 Parallel Workers: 13
 Concurrent Workers: 3
 Concurrent Refinement Workers: 13
 Periodic GC: Disabled
Heap:
 garbage-first heap   total 254976K, used 209229K [0x0000000080000000, 0x0000000100000000)
  region size 1024K, 65 young (66560K), 7 survivors (7168K)
 Metaspace       used 134229K, committed 136832K, reserved 1179648K
  class space    used 17826K, committed 19072K, reserved 1048576K
GC Heap History (20 events):
Event: 17.008 GC heap before
{Heap before GC invocations=26 (full 0):
 garbage-first heap   total 165888K, used 148990K [0x0000000080000000, 0x0000000100000000)
  region size 1024K, 64 young (65536K), 8 survivors (8192K)
 Metaspace       used 90104K, committed 92352K, reserved 1179648K
  class space    used 12528K, committed 13632K, reserved 1048576K
}
Event: 17.013 GC heap after
{Heap after GC invocations=27 (full 0):
 garbage-first heap   total 165888K, used 93590K [0x0000000080000000, 0x0000000100000000)
  region size 1024K, 2 young (2048K), 2 survivors (2048K)
 Metaspace       used 90104K, committed 92352K, reserved 1179648K
  class space    used 12528K, committed 13632K, reserved 1048576K
}
Event: 17.886 GC heap before
{Heap before GC invocations=28 (full 0):
 garbage-first heap   total 165888K, used 159126K [0x0000000080000000, 0x0000000100000000)
  region size 1024K, 59 young (60416K), 2 survivors (2048K)
 Metaspace       used 95841K, committed 98176K, reserved 1179648K
  class space    used 13659K, committed 14784K, reserved 1048576K
}
Event: 17.891 GC heap after
{Heap after GC invocations=29 (full 0):
 garbage-first heap   total 168960K, used 108131K [0x0000000080000000, 0x0000000100000000)
  region size 1024K, 8 young (8192K), 8 survivors (8192K)
 Metaspace       used 95841K, committed 98176K, reserved 1179648K
  class space    used 13659K, committed 14784K, reserved 1048576K
}
Event: 18.178 GC heap before
{Heap before GC invocations=29 (full 0):
 garbage-first heap   total 168960K, used 155235K [0x0000000080000000, 0x0000000100000000)
  region size 1024K, 53 young (54272K), 8 survivors (8192K)
 Metaspace       used 95878K, committed 98176K, reserved 1179648K
  class space    used 13667K, committed 14784K, reserved 1048576K
}
Event: 18.193 GC heap after
{Heap after GC invocations=30 (full 0):
 garbage-first heap   total 181248K, used 116493K [0x0000000080000000, 0x0000000100000000)
  region size 1024K, 7 young (7168K), 7 survivors (7168K)
 Metaspace       used 95878K, committed 98176K, reserved 1179648K
  class space    used 13667K, committed 14784K, reserved 1048576K
}
Event: 18.680 GC heap before
{Heap before GC invocations=30 (full 0):
 garbage-first heap   total 181248K, used 158477K [0x0000000080000000, 0x0000000100000000)
  region size 1024K, 48 young (49152K), 7 survivors (7168K)
 Metaspace       used 99360K, committed 101632K, reserved 1179648K
  class space    used 14063K, committed 15168K, reserved 1048576K
}
Event: 18.686 GC heap after
{Heap after GC invocations=31 (full 0):
 garbage-first heap   total 181248K, used 123913K [0x0000000080000000, 0x0000000100000000)
  region size 1024K, 6 young (6144K), 6 survivors (6144K)
 Metaspace       used 99360K, committed 101632K, reserved 1179648K
  class space    used 14063K, committed 15168K, reserved 1048576K
}
Event: 19.379 GC heap before
{Heap before GC invocations=32 (full 0):
 garbage-first heap   total 206848K, used 167945K [0x0000000080000000, 0x0000000100000000)
  region size 1024K, 43 young (44032K), 6 survivors (6144K)
 Metaspace       used 102848K, committed 105088K, reserved 1179648K
  class space    used 14433K, committed 15488K, reserved 1048576K
}
Event: 19.384 GC heap after
{Heap after GC invocations=33 (full 0):
 garbage-first heap   total 206848K, used 133558K [0x0000000080000000, 0x0000000100000000)
  region size 1024K, 4 young (4096K), 4 survivors (4096K)
 Metaspace       used 102848K, committed 105088K, reserved 1179648K
  class space    used 14433K, committed 15488K, reserved 1048576K
}
Event: 20.171 GC heap before
{Heap before GC invocations=33 (full 0):
 garbage-first heap   total 206848K, used 183734K [0x0000000080000000, 0x0000000100000000)
  region size 1024K, 53 young (54272K), 4 survivors (4096K)
 Metaspace       used 109201K, committed 111744K, reserved 1179648K
  class space    used 15146K, committed 16384K, reserved 1048576K
}
Event: 20.176 GC heap after
{Heap after GC invocations=34 (full 0):
 garbage-first heap   total 206848K, used 135054K [0x0000000080000000, 0x0000000100000000)
  region size 1024K, 6 young (6144K), 6 survivors (6144K)
 Metaspace       used 109201K, committed 111744K, reserved 1179648K
  class space    used 15146K, committed 16384K, reserved 1048576K
}
Event: 20.946 GC heap before
{Heap before GC invocations=34 (full 0):
 garbage-first heap   total 206848K, used 178062K [0x0000000080000000, 0x0000000100000000)
  region size 1024K, 49 young (50176K), 6 survivors (6144K)
 Metaspace       used 114976K, committed 117568K, reserved 1179648K
  class space    used 15890K, committed 17152K, reserved 1048576K
}
Event: 20.952 GC heap after
{Heap after GC invocations=35 (full 0):
 garbage-first heap   total 206848K, used 138240K [0x0000000080000000, 0x0000000100000000)
  region size 1024K, 6 young (6144K), 6 survivors (6144K)
 Metaspace       used 114976K, committed 117568K, reserved 1179648K
  class space    used 15890K, committed 17152K, reserved 1048576K
}
Event: 21.539 GC heap before
{Heap before GC invocations=36 (full 0):
 garbage-first heap   total 234496K, used 189440K [0x0000000080000000, 0x0000000100000000)
  region size 1024K, 55 young (56320K), 6 survivors (6144K)
 Metaspace       used 117318K, committed 119872K, reserved 1179648K
  class space    used 16156K, committed 17408K, reserved 1048576K
}
Event: 21.544 GC heap after
{Heap after GC invocations=37 (full 0):
 garbage-first heap   total 234496K, used 142326K [0x0000000080000000, 0x0000000100000000)
  region size 1024K, 7 young (7168K), 7 survivors (7168K)
 Metaspace       used 117318K, committed 119872K, reserved 1179648K
  class space    used 16156K, committed 17408K, reserved 1048576K
}
Event: 28.741 GC heap before
{Heap before GC invocations=37 (full 0):
 garbage-first heap   total 234496K, used 209910K [0x0000000080000000, 0x0000000100000000)
  region size 1024K, 73 young (74752K), 7 survivors (7168K)
 Metaspace       used 119478K, committed 122112K, reserved 1179648K
  class space    used 16386K, committed 17664K, reserved 1048576K
}
Event: 28.747 GC heap after
{Heap after GC invocations=38 (full 0):
 garbage-first heap   total 234496K, used 144949K [0x0000000080000000, 0x0000000100000000)
  region size 1024K, 10 young (10240K), 10 survivors (10240K)
 Metaspace       used 119478K, committed 122112K, reserved 1179648K
  class space    used 16386K, committed 17664K, reserved 1048576K
}
Event: 31.194 GC heap before
{Heap before GC invocations=38 (full 0):
 garbage-first heap   total 234496K, used 211509K [0x0000000080000000, 0x0000000100000000)
  region size 1024K, 75 young (76800K), 10 survivors (10240K)
 Metaspace       used 126512K, committed 129088K, reserved 1179648K
  class space    used 16996K, committed 18240K, reserved 1048576K
}
Event: 31.202 GC heap after
{Heap after GC invocations=39 (full 0):
 garbage-first heap   total 234496K, used 151885K [0x0000000080000000, 0x0000000100000000)
  region size 1024K, 7 young (7168K), 7 survivors (7168K)
 Metaspace       used 126512K, committed 129088K, reserved 1179648K
  class space    used 16996K, committed 18240K, reserved 1048576K
}

