# JRE version: OpenJDK Runtime Environment Temurin-21.0.10+7 (21.0.10+7) (build 21.0.10+7-LTS)
# Java VM: OpenJDK 64-Bit Server VM Temurin-21.0.10+7 (21.0.10+7-LTS, mixed mode, sharing, tiered, compressed oops, compressed class ptrs, g1 gc, windows-amd64)
GC Precious Log:
 CardTable entry size: 512
 Card Set container configuration: InlinePtr #cards 5 size 8 Array Of Cards #cards 12 size 40 Howl #buckets 4 coarsen threshold 1843 Howl Bitmap #cards 512 size 80 coarsen threshold 460 Card regions per heap region 1 cards per card region 2048
 CPUs: 16 total, 16 available
 Memory: 15613M
 Large Page Support: Disabled
 NUMA Support: Disabled
 Compressed Oops: Enabled (32-bit)
 Heap Region Size: 1M
 Heap Min Capacity: 8M
 Heap Initial Capacity: 244M
 Heap Max Capacity: 2G
 Pre-touch: Disabled
 Parallel Workers: 13
 Concurrent Workers: 3
 Concurrent Refinement Workers: 13
 Periodic GC: Disabled
Heap:
 garbage-first heap   total 98304K, used 29965K [0x0000000080000000, 0x0000000100000000)
  region size 1024K, 13 young (13312K), 10 survivors (10240K)
 Metaspace       used 29020K, committed 30016K, reserved 1114112K
  class space    used 4400K, committed 4864K, reserved 1048576K
GC Heap History (10 events):
Event: 0.562 GC heap before
{Heap before GC invocations=0 (full 0):
 garbage-first heap   total 249856K, used 23552K [0x0000000080000000, 0x0000000100000000)
  region size 1024K, 23 young (23552K), 0 survivors (0K)
 Metaspace       used 1072K, committed 1216K, reserved 1114112K
  class space    used 81K, committed 128K, reserved 1048576K
}
Event: 0.564 GC heap after
{Heap after GC invocations=1 (full 0):
 garbage-first heap   total 249856K, used 2131K [0x0000000080000000, 0x0000000100000000)
  region size 1024K, 3 young (3072K), 3 survivors (3072K)
 Metaspace       used 1072K, committed 1216K, reserved 1114112K
  class space    used 81K, committed 128K, reserved 1048576K
}
Event: 1.354 GC heap before
{Heap before GC invocations=1 (full 0):
 garbage-first heap   total 249856K, used 42067K [0x0000000080000000, 0x0000000100000000)
  region size 1024K, 40 young (40960K), 3 survivors (3072K)
 Metaspace       used 4448K, committed 4608K, reserved 1114112K
  class space    used 558K, committed 640K, reserved 1048576K
}
Event: 1.360 GC heap after
{Heap after GC invocations=2 (full 0):
 garbage-first heap   total 249856K, used 10816K [0x0000000080000000, 0x0000000100000000)
  region size 1024K, 5 young (5120K), 5 survivors (5120K)
 Metaspace       used 4448K, committed 4608K, reserved 1114112K
  class space    used 558K, committed 640K, reserved 1048576K
}
Event: 3.310 GC heap before
{Heap before GC invocations=2 (full 0):
 garbage-first heap   total 249856K, used 63040K [0x0000000080000000, 0x0000000100000000)
  region size 1024K, 55 young (56320K), 5 survivors (5120K)
 Metaspace       used 6889K, committed 7168K, reserved 1114112K
  class space    used 929K, committed 1024K, reserved 1048576K
}
Event: 3.318 GC heap after
{Heap after GC invocations=3 (full 0):
 garbage-first heap   total 249856K, used 17968K [0x0000000080000000, 0x0000000100000000)
  region size 1024K, 6 young (6144K), 6 survivors (6144K)
 Metaspace       used 6889K, committed 7168K, reserved 1114112K
  class space    used 929K, committed 1024K, reserved 1048576K
}
Event: 9.779 GC heap before
{Heap before GC invocations=3 (full 0):
 garbage-first heap   total 249856K, used 100912K [0x0000000080000000, 0x0000000100000000)
  region size 1024K, 88 young (90112K), 6 survivors (6144K)
 Metaspace       used 20880K, committed 21504K, reserved 1114112K
  class space    used 3082K, committed 3392K, reserved 1048576K
}
Event: 9.804 GC heap after
{Heap after GC invocations=4 (full 0):
 garbage-first heap   total 249856K, used 23798K [0x0000000080000000, 0x0000000100000000)
  region size 1024K, 12 young (12288K), 12 survivors (12288K)
 Metaspace       used 20880K, committed 21504K, reserved 1114112K
  class space    used 3082K, committed 3392K, reserved 1048576K
}
Event: 12.718 GC heap before
{Heap before GC invocations=5 (full 0):
 garbage-first heap   total 81920K, used 81142K [0x0000000080000000, 0x0000000100000000)
  region size 1024K, 68 young (69632K), 12 survivors (12288K)
 Metaspace       used 28713K, committed 29696K, reserved 1114112K
  class space    used 4357K, committed 4800K, reserved 1048576K
}
Event: 12.727 GC heap after
{Heap after GC invocations=6 (full 0):
 garbage-first heap   total 98304K, used 27917K [0x0000000080000000, 0x0000000100000000)
  region size 1024K, 10 young (10240K), 10 survivors (10240K)
 Metaspace       used 28713K, committed 29696K, reserved 1114112K
  class space    used 4357K, committed 4800K, reserved 1048576K
}

