# JRE version: OpenJDK Runtime Environment Temurin-21.0.10+7 (21.0.10+7) (build 21.0.10+7-LTS)
# Java VM: OpenJDK 64-Bit Server VM Temurin-21.0.10+7 (21.0.10+7-LTS, mixed mode, sharing, tiered, compressed oops, compressed class ptrs, parallel gc, windows-amd64)
GC Precious Log:
 CardTable entry size: 512
 CPUs: 16 total, 16 available
 Memory: 15613M
 Large Page Support: Disabled
 NUMA Support: Disabled
 Compressed Oops: Enabled (32-bit)
 Alignments: Space 512K, Generation 512K, Heap 2M
 Heap Min Capacity: 100M
 Heap Initial Capacity: 100M
 Heap Max Capacity: 2G
 Pre-touch: Disabled
 Parallel Workers: 13
Heap:
 PSYoungGen      total 17920K, used 14172K [0x00000000d5580000, 0x00000000d6a00000, 0x0000000100000000)
  eden space 16896K, 79% used [0x00000000d5580000,0x00000000d629f050,0x00000000d6600000)
  from space 1024K, 71% used [0x00000000d6900000,0x00000000d69b8020,0x00000000d6a00000)
  to   space 1024K, 0% used [0x00000000d6800000,0x00000000d6800000,0x00000000d6900000)
 ParOldGen       total 68608K, used 58331K [0x0000000080000000, 0x0000000084300000, 0x00000000d5580000)
  object space 68608K, 85% used [0x0000000080000000,0x00000000838f6cc0,0x0000000084300000)
 Metaspace       used 67377K, committed 68928K, reserved 1114112K
  class space    used 8365K, committed 9024K, reserved 1048576K
GC Heap History (20 events):
Event: 15.212 GC heap before
{Heap before GC invocations=60 (full 3):
 PSYoungGen      total 17920K, used 17919K [0x00000000d5580000, 0x00000000d6b00000, 0x0000000100000000)
  eden space 16896K, 100% used [0x00000000d5580000,0x00000000d6600000,0x00000000d6600000)
  from space 1024K, 99% used [0x00000000d6a00000,0x00000000d6affcd8,0x00000000d6b00000)
  to   space 1536K, 0% used [0x00000000d6800000,0x00000000d6800000,0x00000000d6980000)
 ParOldGen       total 68608K, used 55972K [0x0000000080000000, 0x0000000084300000, 0x00000000d5580000)
  object space 68608K, 81% used [0x0000000080000000,0x00000000836a9308,0x0000000084300000)
 Metaspace       used 63061K, committed 64512K, reserved 1114112K
  class space    used 7813K, committed 8448K, reserved 1048576K
}
Event: 15.213 GC heap after
{Heap after GC invocations=60 (full 3):
 PSYoungGen      total 18432K, used 666K [0x00000000d5580000, 0x00000000d6a80000, 0x0000000100000000)
  eden space 16896K, 0% used [0x00000000d5580000,0x00000000d5580000,0x00000000d6600000)
  from space 1536K, 43% used [0x00000000d6800000,0x00000000d68a6958,0x00000000d6980000)
  to   space 1024K, 0% used [0x00000000d6980000,0x00000000d6980000,0x00000000d6a80000)
 ParOldGen       total 68608K, used 56028K [0x0000000080000000, 0x0000000084300000, 0x00000000d5580000)
  object space 68608K, 81% used [0x0000000080000000,0x00000000836b7308,0x0000000084300000)
 Metaspace       used 63061K, committed 64512K, reserved 1114112K
  class space    used 7813K, committed 8448K, reserved 1048576K
}
Event: 15.458 GC heap before
{Heap before GC invocations=61 (full 3):
 PSYoungGen      total 18432K, used 17562K [0x00000000d5580000, 0x00000000d6a80000, 0x0000000100000000)
  eden space 16896K, 100% used [0x00000000d5580000,0x00000000d6600000,0x00000000d6600000)
  from space 1536K, 43% used [0x00000000d6800000,0x00000000d68a6958,0x00000000d6980000)
  to   space 1024K, 0% used [0x00000000d6980000,0x00000000d6980000,0x00000000d6a80000)
 ParOldGen       total 68608K, used 56028K [0x0000000080000000, 0x0000000084300000, 0x00000000d5580000)
  object space 68608K, 81% used [0x0000000080000000,0x00000000836b7308,0x0000000084300000)
 Metaspace       used 64424K, committed 65920K, reserved 1114112K
  class space    used 8042K, committed 8704K, reserved 1048576K
}
Event: 15.460 GC heap after
{Heap after GC invocations=61 (full 3):
 PSYoungGen      total 17920K, used 736K [0x00000000d5580000, 0x00000000d6a80000, 0x0000000100000000)
  eden space 16896K, 0% used [0x00000000d5580000,0x00000000d5580000,0x00000000d6600000)
  from space 1024K, 71% used [0x00000000d6980000,0x00000000d6a38000,0x00000000d6a80000)
  to   space 1024K, 0% used [0x00000000d6880000,0x00000000d6880000,0x00000000d6980000)
 ParOldGen       total 68608K, used 56340K [0x0000000080000000, 0x0000000084300000, 0x00000000d5580000)
  object space 68608K, 82% used [0x0000000080000000,0x0000000083705318,0x0000000084300000)
 Metaspace       used 64424K, committed 65920K, reserved 1114112K
  class space    used 8042K, committed 8704K, reserved 1048576K
}
Event: 26.061 GC heap before
{Heap before GC invocations=62 (full 3):
 PSYoungGen      total 17920K, used 17632K [0x00000000d5580000, 0x00000000d6a80000, 0x0000000100000000)
  eden space 16896K, 100% used [0x00000000d5580000,0x00000000d6600000,0x00000000d6600000)
  from space 1024K, 71% used [0x00000000d6980000,0x00000000d6a38000,0x00000000d6a80000)
  to   space 1024K, 0% used [0x00000000d6880000,0x00000000d6880000,0x00000000d6980000)
 ParOldGen       total 68608K, used 56340K [0x0000000080000000, 0x0000000084300000, 0x00000000d5580000)
  object space 68608K, 82% used [0x0000000080000000,0x0000000083705318,0x0000000084300000)
 Metaspace       used 65915K, committed 67456K, reserved 1114112K
  class space    used 8212K, committed 8896K, reserved 1048576K
}
Event: 26.063 GC heap after
{Heap after GC invocations=62 (full 3):
 PSYoungGen      total 17920K, used 896K [0x00000000d5580000, 0x00000000d6a00000, 0x0000000100000000)
  eden space 16896K, 0% used [0x00000000d5580000,0x00000000d5580000,0x00000000d6600000)
  from space 1024K, 87% used [0x00000000d6880000,0x00000000d6960010,0x00000000d6980000)
  to   space 512K, 0% used [0x00000000d6980000,0x00000000d6980000,0x00000000d6a00000)
 ParOldGen       total 68608K, used 56756K [0x0000000080000000, 0x0000000084300000, 0x00000000d5580000)
  object space 68608K, 82% used [0x0000000080000000,0x000000008376d318,0x0000000084300000)
 Metaspace       used 65915K, committed 67456K, reserved 1114112K
  class space    used 8212K, committed 8896K, reserved 1048576K
}
Event: 26.515 GC heap before
{Heap before GC invocations=63 (full 3):
 PSYoungGen      total 17920K, used 17792K [0x00000000d5580000, 0x00000000d6a00000, 0x0000000100000000)
  eden space 16896K, 100% used [0x00000000d5580000,0x00000000d6600000,0x00000000d6600000)
  from space 1024K, 87% used [0x00000000d6880000,0x00000000d6960010,0x00000000d6980000)
  to   space 512K, 0% used [0x00000000d6980000,0x00000000d6980000,0x00000000d6a00000)
 ParOldGen       total 68608K, used 56756K [0x0000000080000000, 0x0000000084300000, 0x00000000d5580000)
  object space 68608K, 82% used [0x0000000080000000,0x000000008376d318,0x0000000084300000)
 Metaspace       used 65916K, committed 67456K, reserved 1114112K
  class space    used 8212K, committed 8896K, reserved 1048576K
}
Event: 26.517 GC heap after
{Heap after GC invocations=63 (full 3):
 PSYoungGen      total 17408K, used 96K [0x00000000d5580000, 0x00000000d6a00000, 0x0000000100000000)
  eden space 16896K, 0% used [0x00000000d5580000,0x00000000d5580000,0x00000000d6600000)
  from space 512K, 18% used [0x00000000d6980000,0x00000000d6998000,0x00000000d6a00000)
  to   space 512K, 0% used [0x00000000d6900000,0x00000000d6900000,0x00000000d6980000)
 ParOldGen       total 68608K, used 57440K [0x0000000080000000, 0x0000000084300000, 0x00000000d5580000)
  object space 68608K, 83% used [0x0000000080000000,0x0000000083818378,0x0000000084300000)
 Metaspace       used 65916K, committed 67456K, reserved 1114112K
  class space    used 8212K, committed 8896K, reserved 1048576K
}
Event: 26.793 GC heap before
{Heap before GC invocations=64 (full 3):
 PSYoungGen      total 17408K, used 16992K [0x00000000d5580000, 0x00000000d6a00000, 0x0000000100000000)
  eden space 16896K, 100% used [0x00000000d5580000,0x00000000d6600000,0x00000000d6600000)
  from space 512K, 18% used [0x00000000d6980000,0x00000000d6998000,0x00000000d6a00000)
  to   space 512K, 0% used [0x00000000d6900000,0x00000000d6900000,0x00000000d6980000)
 ParOldGen       total 68608K, used 57440K [0x0000000080000000, 0x0000000084300000, 0x00000000d5580000)
  object space 68608K, 83% used [0x0000000080000000,0x0000000083818378,0x0000000084300000)
 Metaspace       used 65916K, committed 67456K, reserved 1114112K
  class space    used 8212K, committed 8896K, reserved 1048576K
}
Event: 26.796 GC heap after
{Heap after GC invocations=64 (full 3):
 PSYoungGen      total 17408K, used 224K [0x00000000d5580000, 0x00000000d6a00000, 0x0000000100000000)
  eden space 16896K, 0% used [0x00000000d5580000,0x00000000d5580000,0x00000000d6600000)
  from space 512K, 43% used [0x00000000d6900000,0x00000000d6938000,0x00000000d6980000)
  to   space 512K, 0% used [0x00000000d6980000,0x00000000d6980000,0x00000000d6a00000)
 ParOldGen       total 68608K, used 57464K [0x0000000080000000, 0x0000000084300000, 0x00000000d5580000)
  object space 68608K, 83% used [0x0000000080000000,0x000000008381e378,0x0000000084300000)
 Metaspace       used 65916K, committed 67456K, reserved 1114112K
  class space    used 8212K, committed 8896K, reserved 1048576K
}
Event: 29.546 GC heap before
{Heap before GC invocations=65 (full 3):
 PSYoungGen      total 17408K, used 17120K [0x00000000d5580000, 0x00000000d6a00000, 0x0000000100000000)
  eden space 16896K, 100% used [0x00000000d5580000,0x00000000d6600000,0x00000000d6600000)
  from space 512K, 43% used [0x00000000d6900000,0x00000000d6938000,0x00000000d6980000)
  to   space 512K, 0% used [0x00000000d6980000,0x00000000d6980000,0x00000000d6a00000)
 ParOldGen       total 68608K, used 57464K [0x0000000080000000, 0x0000000084300000, 0x00000000d5580000)
  object space 68608K, 83% used [0x0000000080000000,0x000000008381e378,0x0000000084300000)
 Metaspace       used 65959K, committed 67520K, reserved 1114112K
  class space    used 8219K, committed 8896K, reserved 1048576K
}
Event: 29.547 GC heap after
{Heap after GC invocations=65 (full 3):
 PSYoungGen      total 17408K, used 288K [0x00000000d5580000, 0x00000000d6a00000, 0x0000000100000000)
  eden space 16896K, 0% used [0x00000000d5580000,0x00000000d5580000,0x00000000d6600000)
  from space 512K, 56% used [0x00000000d6980000,0x00000000d69c8000,0x00000000d6a00000)
  to   space 512K, 0% used [0x00000000d6900000,0x00000000d6900000,0x00000000d6980000)
 ParOldGen       total 68608K, used 57472K [0x0000000080000000, 0x0000000084300000, 0x00000000d5580000)
  object space 68608K, 83% used [0x0000000080000000,0x0000000083820378,0x0000000084300000)
 Metaspace       used 65959K, committed 67520K, reserved 1114112K
  class space    used 8219K, committed 8896K, reserved 1048576K
}
Event: 50.946 GC heap before
{Heap before GC invocations=66 (full 3):
 PSYoungGen      total 17408K, used 17184K [0x00000000d5580000, 0x00000000d6a00000, 0x0000000100000000)
  eden space 16896K, 100% used [0x00000000d5580000,0x00000000d6600000,0x00000000d6600000)
  from space 512K, 56% used [0x00000000d6980000,0x00000000d69c8000,0x00000000d6a00000)
  to   space 512K, 0% used [0x00000000d6900000,0x00000000d6900000,0x00000000d6980000)
 ParOldGen       total 68608K, used 57472K [0x0000000080000000, 0x0000000084300000, 0x00000000d5580000)
  object space 68608K, 83% used [0x0000000080000000,0x0000000083820378,0x0000000084300000)
 Metaspace       used 66213K, committed 67776K, reserved 1114112K
  class space    used 8247K, committed 8960K, reserved 1048576K
}
Event: 50.950 GC heap after
{Heap after GC invocations=66 (full 3):
 PSYoungGen      total 17408K, used 480K [0x00000000d5580000, 0x00000000d6a00000, 0x0000000100000000)
  eden space 16896K, 0% used [0x00000000d5580000,0x00000000d5580000,0x00000000d6600000)
  from space 512K, 93% used [0x00000000d6900000,0x00000000d6978000,0x00000000d6980000)
  to   space 512K, 0% used [0x00000000d6980000,0x00000000d6980000,0x00000000d6a00000)
 ParOldGen       total 68608K, used 57576K [0x0000000080000000, 0x0000000084300000, 0x00000000d5580000)
  object space 68608K, 83% used [0x0000000080000000,0x000000008383a378,0x0000000084300000)
 Metaspace       used 66213K, committed 67776K, reserved 1114112K
  class space    used 8247K, committed 8960K, reserved 1048576K
}
Event: 67.051 GC heap before
{Heap before GC invocations=67 (full 3):
 PSYoungGen      total 17408K, used 17363K [0x00000000d5580000, 0x00000000d6a00000, 0x0000000100000000)
  eden space 16896K, 99% used [0x00000000d5580000,0x00000000d65fcfe8,0x00000000d6600000)
  from space 512K, 93% used [0x00000000d6900000,0x00000000d6978000,0x00000000d6980000)
  to   space 512K, 0% used [0x00000000d6980000,0x00000000d6980000,0x00000000d6a00000)
 ParOldGen       total 68608K, used 57576K [0x0000000080000000, 0x0000000084300000, 0x00000000d5580000)
  object space 68608K, 83% used [0x0000000080000000,0x000000008383a378,0x0000000084300000)
 Metaspace       used 66424K, committed 68032K, reserved 1114112K
  class space    used 8266K, committed 8960K, reserved 1048576K
}
Event: 67.053 GC heap after
{Heap after GC invocations=67 (full 3):
 PSYoungGen      total 17408K, used 501K [0x00000000d5580000, 0x00000000d6a00000, 0x0000000100000000)
  eden space 16896K, 0% used [0x00000000d5580000,0x00000000d5580000,0x00000000d6600000)
  from space 512K, 97% used [0x00000000d6980000,0x00000000d69fd550,0x00000000d6a00000)
  to   space 1024K, 0% used [0x00000000d6800000,0x00000000d6800000,0x00000000d6900000)
 ParOldGen       total 68608K, used 57897K [0x0000000080000000, 0x0000000084300000, 0x00000000d5580000)
  object space 68608K, 84% used [0x0000000080000000,0x000000008388a400,0x0000000084300000)
 Metaspace       used 66424K, committed 68032K, reserved 1114112K
  class space    used 8266K, committed 8960K, reserved 1048576K
}
Event: 67.530 GC heap before
{Heap before GC invocations=68 (full 3):
 PSYoungGen      total 17408K, used 17384K [0x00000000d5580000, 0x00000000d6a00000, 0x0000000100000000)
  eden space 16896K, 99% used [0x00000000d5580000,0x00000000d65fcbd0,0x00000000d6600000)
  from space 512K, 97% used [0x00000000d6980000,0x00000000d69fd550,0x00000000d6a00000)
  to   space 1024K, 0% used [0x00000000d6800000,0x00000000d6800000,0x00000000d6900000)
 ParOldGen       total 68608K, used 57897K [0x0000000080000000, 0x0000000084300000, 0x00000000d5580000)
  object space 68608K, 84% used [0x0000000080000000,0x000000008388a400,0x0000000084300000)
 Metaspace       used 66945K, committed 68480K, reserved 1114112K
  class space    used 8324K, committed 8960K, reserved 1048576K
}
Event: 67.532 GC heap after
{Heap after GC invocations=68 (full 3):
 PSYoungGen      total 17920K, used 565K [0x00000000d5580000, 0x00000000d6a00000, 0x0000000100000000)
  eden space 16896K, 0% used [0x00000000d5580000,0x00000000d5580000,0x00000000d6600000)
  from space 1024K, 55% used [0x00000000d6800000,0x00000000d688d4d8,0x00000000d6900000)
  to   space 1024K, 0% used [0x00000000d6900000,0x00000000d6900000,0x00000000d6a00000)
 ParOldGen       total 68608K, used 58121K [0x0000000080000000, 0x0000000084300000, 0x00000000d5580000)
  object space 68608K, 84% used [0x0000000080000000,0x00000000838c2400,0x0000000084300000)
 Metaspace       used 66945K, committed 68480K, reserved 1114112K
  class space    used 8324K, committed 8960K, reserved 1048576K
}
Event: 67.866 GC heap before
{Heap before GC invocations=69 (full 3):
 PSYoungGen      total 17920K, used 17461K [0x00000000d5580000, 0x00000000d6a00000, 0x0000000100000000)
  eden space 16896K, 100% used [0x00000000d5580000,0x00000000d6600000,0x00000000d6600000)
  from space 1024K, 55% used [0x00000000d6800000,0x00000000d688d4d8,0x00000000d6900000)
  to   space 1024K, 0% used [0x00000000d6900000,0x00000000d6900000,0x00000000d6a00000)
 ParOldGen       total 68608K, used 58121K [0x0000000080000000, 0x0000000084300000, 0x00000000d5580000)
  object space 68608K, 84% used [0x0000000080000000,0x00000000838c2400,0x0000000084300000)
 Metaspace       used 67372K, committed 68928K, reserved 1114112K
  class space    used 8365K, committed 9024K, reserved 1048576K
}
Event: 67.867 GC heap after
{Heap after GC invocations=69 (full 3):
 PSYoungGen      total 17920K, used 736K [0x00000000d5580000, 0x00000000d6a00000, 0x0000000100000000)
  eden space 16896K, 0% used [0x00000000d5580000,0x00000000d5580000,0x00000000d6600000)
  from space 1024K, 71% used [0x00000000d6900000,0x00000000d69b8020,0x00000000d6a00000)
  to   space 1024K, 0% used [0x00000000d6800000,0x00000000d6800000,0x00000000d6900000)
 ParOldGen       total 68608K, used 58331K [0x0000000080000000, 0x0000000084300000, 0x00000000d5580000)
  object space 68608K, 85% used [0x0000000080000000,0x00000000838f6cc0,0x0000000084300000)
 Metaspace       used 67372K, committed 68928K, reserved 1114112K
  class space    used 8365K, committed 9024K, reserved 1048576K
}

